<?xml version="1.0" encoding="UTF-8"?>
<!-- Generated by org.testng.reporters.JUnitReportReporter -->
<testsuite hostname="mac-PC" name="com.mac.example.Seltest" tests="1" failures="0" timestamp="21 Jan 2013 03:51:00 GMT" time="10.851" errors="0">
  <testcase name="testDataProviderExample" time="10.851" classname="com.mac.example.Seltest"/>
</testsuite> <!-- com.mac.example.Seltest -->
